{
  "stats": {
    "suites": 1,
    "tests": 1,
    "passes": 1,
    "pending": 0,
    "failures": 0,
    "start": "2023-06-29T17:03:37.200Z",
    "end": "2023-06-29T17:03:46.080Z",
    "duration": 8880,
    "testsRegistered": 1,
    "passPercent": 100,
    "pendingPercent": 0,
    "other": 0,
    "hasOther": false,
    "skipped": 0,
    "hasSkipped": false
  },
  "results": [
    {
      "uuid": "665782ba-1655-4831-9377-50a11fd3f50b",
      "title": "",
      "fullFile": "cypress\\e2e\\appActionsTest.spec.cy.js",
      "file": "cypress\\e2e\\appActionsTest.spec.cy.js",
      "beforeHooks": [],
      "afterHooks": [],
      "tests": [],
      "suites": [
        {
          "uuid": "b37e8c22-2fb6-40ce-8a02-7fd6ae9d8124",
          "title": "Fazer CheckOut",
          "fullFile": "",
          "file": "",
          "beforeHooks": [],
          "afterHooks": [],
          "tests": [
            {
              "title": "Checkout",
              "fullTitle": "Fazer CheckOut Checkout",
              "timedOut": null,
              "duration": 8810,
              "state": "passed",
              "speed": "medium",
              "pass": true,
              "fail": false,
              "pending": false,
              "context": null,
              "code": "cy.CheckOut();\npaginaPedido.pedido.should(\"be.visible\");",
              "err": {},
              "uuid": "c3f0e9f5-599a-4413-9902-cb01ad1fe74f",
              "parentUUID": "b37e8c22-2fb6-40ce-8a02-7fd6ae9d8124",
              "isHook": false,
              "skipped": false
            }
          ],
          "suites": [],
          "passes": [
            "c3f0e9f5-599a-4413-9902-cb01ad1fe74f"
          ],
          "failures": [],
          "pending": [],
          "skipped": [],
          "duration": 8810,
          "root": false,
          "rootEmpty": false,
          "_timeout": 2000
        }
      ],
      "passes": [],
      "failures": [],
      "pending": [],
      "skipped": [],
      "duration": 0,
      "root": true,
      "rootEmpty": true,
      "_timeout": 2000
    }
  ],
  "meta": {
    "mocha": {
      "version": "7.0.1"
    },
    "mochawesome": {
      "options": {
        "quiet": false,
        "reportFilename": "mochawesome",
        "saveHtml": false,
        "saveJson": true,
        "consoleReporter": "spec",
        "useInlineDiffs": false,
        "code": true
      },
      "version": "7.1.3"
    },
    "marge": {
      "options": {
        "reportDir": "cypress/results",
        "overwrite": false,
        "html": false,
        "json": true
      },
      "version": "6.2.0"
    }
  }
}