{
  "stats": {
    "suites": 1,
    "tests": 1,
    "passes": 1,
    "pending": 0,
    "failures": 0,
    "start": "2023-06-29T17:04:05.340Z",
    "end": "2023-06-29T17:04:10.202Z",
    "duration": 4862,
    "testsRegistered": 1,
    "passPercent": 100,
    "pendingPercent": 0,
    "other": 0,
    "hasOther": false,
    "skipped": 0,
    "hasSkipped": false
  },
  "results": [
    {
      "uuid": "6b6dadcb-e137-4769-b245-870ef8e44aa8",
      "title": "",
      "fullFile": "cypress\\e2e\\pageObjectsTest.spec.cy.js",
      "file": "cypress\\e2e\\pageObjectsTest.spec.cy.js",
      "beforeHooks": [],
      "afterHooks": [],
      "tests": [],
      "suites": [
        {
          "uuid": "026102d1-7145-4eb3-aac2-7b397abe2cc7",
          "title": "Criar conta",
          "fullFile": "",
          "file": "",
          "beforeHooks": [],
          "afterHooks": [],
          "tests": [
            {
              "title": "Registrar usuario valido",
              "fullTitle": "Criar conta Registrar usuario valido",
              "timedOut": null,
              "duration": 4829,
              "state": "passed",
              "speed": "fast",
              "pass": true,
              "fail": false,
              "pending": false,
              "context": null,
              "code": "paginaRegistro.Registro(data.emailPageObjects, data.senha); // caso n funcione por problema com email, porfavor altera o emailPageObjects em data.json\npaginaPainel.painelTab.should(\"be.visible\");",
              "err": {},
              "uuid": "3da59c38-db71-481e-be48-ff82214fab55",
              "parentUUID": "026102d1-7145-4eb3-aac2-7b397abe2cc7",
              "isHook": false,
              "skipped": false
            }
          ],
          "suites": [],
          "passes": [
            "3da59c38-db71-481e-be48-ff82214fab55"
          ],
          "failures": [],
          "pending": [],
          "skipped": [],
          "duration": 4829,
          "root": false,
          "rootEmpty": false,
          "_timeout": 2000
        }
      ],
      "passes": [],
      "failures": [],
      "pending": [],
      "skipped": [],
      "duration": 0,
      "root": true,
      "rootEmpty": true,
      "_timeout": 2000
    }
  ],
  "meta": {
    "mocha": {
      "version": "7.0.1"
    },
    "mochawesome": {
      "options": {
        "quiet": false,
        "reportFilename": "mochawesome",
        "saveHtml": false,
        "saveJson": true,
        "consoleReporter": "spec",
        "useInlineDiffs": false,
        "code": true
      },
      "version": "7.1.3"
    },
    "marge": {
      "options": {
        "reportDir": "cypress/results",
        "overwrite": false,
        "html": false,
        "json": true
      },
      "version": "6.2.0"
    }
  }
}